<?xml version="1.0" encoding="UTF-8"?>
<!-- Generated by org.testng.reporters.JUnitReportReporter -->
<testsuite hostname="LAPTOP-4IJVI1TJ" failures="0" tests="2" name="Search" time="2.036" errors="0" timestamp="19 Apr. 2021 15:54:01 GMT" skipped="0">
  <testcase classname="Search" name="PL" time="0.160"/>
  <testcase classname="Search" name="test" time="1.876"/>
</testsuite> <!-- Search -->
