<?xml version="1.0" encoding="UTF-8"?>
<!-- Generated by org.testng.reporters.JUnitReportReporter -->
<testsuite hostname="LAPTOP-4IJVI1TJ" failures="0" tests="2" name="demo.Search" time="1.631" errors="0" timestamp="19 Apr. 2021 16:17:05 GMT" skipped="0">
  <testcase classname="demo.Search" name="PL" time="0.110"/>
  <testcase classname="demo.Search" name="test" time="1.521"/>
</testsuite> <!-- demo.Search -->
